<?xml version="1.0" encoding="UTF-8"?>
<robot generator="Robot 5.0 (Python 3.10.4 on darwin)" generated="20220930 21:00:23.019" rpa="false" schemaversion="3">
<suite id="s1" name="Drag And-Drop" source="/Users/manocaio/Documentos/Projeto_QA/twp/Tests/drag_and-drop.robot">
<test id="s1-t1" name="Deve Mover o Hulk para o topo da lista" line="13">
<kw name="Open Session" library="base" type="SETUP">
<kw name="Set Appium Timeout" library="AppiumLibrary">
<arg>10</arg>
<doc>Sets the timeout in seconds used by various keywords.</doc>
<status status="PASS" starttime="20220930 21:00:23.101" endtime="20220930 21:00:23.102"/>
</kw>
<kw name="Open Application" library="AppiumLibrary">
<arg>http://localhost:4723/wd/hub</arg>
<arg>automationName=UiAutomator2</arg>
<arg>platformName=Android</arg>
<arg>deviceName=Android Emulator</arg>
<arg>app=/Users/manocaio/Documentos/Projeto_QA/twp/twp.apk</arg>
<doc>Opens a new application to given Appium server.
Capabilities of appium server, Android and iOS,
Please check https://github.com/appium/appium/blob/master/docs/en/writing-running-appium/server-args.md
| *Option*            | *Man.* | *Description*     |
| remote_url          | Yes    | Appium server url |
| alias               | no     | alias             |</doc>
<status status="PASS" starttime="20220930 21:00:23.102" endtime="20220930 21:00:28.657"/>
</kw>
<kw name="Get Started" library="helpers">
<kw name="Wait Until Page Contains" library="AppiumLibrary">
<arg>${START}</arg>
<doc>Waits until `text` appears on current page.</doc>
<status status="PASS" starttime="20220930 21:00:28.657" endtime="20220930 21:00:32.719"/>
</kw>
<kw name="Click Text" library="AppiumLibrary">
<arg>${START}</arg>
<doc>Click text identified by ``text``.</doc>
<status status="PASS" starttime="20220930 21:00:32.719" endtime="20220930 21:00:32.878"/>
</kw>
<status status="PASS" starttime="20220930 21:00:28.657" endtime="20220930 21:00:32.878"/>
</kw>
<status status="PASS" starttime="20220930 21:00:23.101" endtime="20220930 21:00:32.879"/>
</kw>
<kw name="Go To Avenger List" library="helpers">
<kw name="Open Navigator" library="helpers">
<kw name="Wait Until Element Is Visible" library="AppiumLibrary">
<arg>${MENU_LATERAL}</arg>
<doc>Waits until element specified with `locator` is visible.</doc>
<status status="PASS" starttime="20220930 21:00:32.880" endtime="20220930 21:00:34.083"/>
</kw>
<kw name="Click Element" library="AppiumLibrary">
<arg>${MENU_LATERAL}</arg>
<doc>Click element identified by `locator`.</doc>
<msg timestamp="20220930 21:00:34.086" level="INFO">Clicking element 'xpath=//android.widget.ImageButton[@content-desc="Open navigation drawer"]'.</msg>
<status status="PASS" starttime="20220930 21:00:34.083" endtime="20220930 21:00:34.179"/>
</kw>
<kw name="Wait Until Element Is Visible" library="AppiumLibrary">
<arg>id=io.qaninja.android.twp:id/navView</arg>
<doc>Waits until element specified with `locator` is visible.</doc>
<status status="PASS" starttime="20220930 21:00:34.179" endtime="20220930 21:00:35.103"/>
</kw>
<status status="PASS" starttime="20220930 21:00:32.879" endtime="20220930 21:00:35.103"/>
</kw>
<kw name="Click Text" library="AppiumLibrary">
<arg>AVENGERS</arg>
<doc>Click text identified by ``text``.</doc>
<status status="PASS" starttime="20220930 21:00:35.103" endtime="20220930 21:00:35.212"/>
</kw>
<kw name="Wait Until Page Contains" library="AppiumLibrary">
<arg>AVENGERS</arg>
<doc>Waits until `text` appears on current page.</doc>
<status status="PASS" starttime="20220930 21:00:35.213" endtime="20220930 21:00:36.148"/>
</kw>
<kw name="Click Text" library="AppiumLibrary">
<arg>LISTA</arg>
<doc>Click text identified by ``text``.</doc>
<status status="PASS" starttime="20220930 21:00:36.148" endtime="20220930 21:00:36.228"/>
</kw>
<kw name="Wait Until Page Contains" library="AppiumLibrary">
<arg>LISTA</arg>
<doc>Waits until `text` appears on current page.</doc>
<status status="PASS" starttime="20220930 21:00:36.229" endtime="20220930 21:00:36.351"/>
</kw>
<status status="PASS" starttime="20220930 21:00:32.879" endtime="20220930 21:00:36.351"/>
</kw>
<kw name="Drag And Drop">
<arg>io.qaninja.android.twp:id/drag_handle</arg>
<arg>3</arg>
<arg>0</arg>
<msg timestamp="20220930 21:00:36.355" level="FAIL">No keyword with name 'Drag And Drop' found.</msg>
<status status="FAIL" starttime="20220930 21:00:36.355" endtime="20220930 21:00:36.355"/>
</kw>
<kw name="Sleep" library="BuiltIn">
<arg>5</arg>
<doc>Pauses the test executed for the given time.</doc>
<status status="NOT RUN" starttime="20220930 21:00:36.357" endtime="20220930 21:00:36.357"/>
</kw>
<kw name="Close Session" library="base" type="TEARDOWN">
<kw name="Close Application" library="AppiumLibrary">
<doc>Closes the current application and also close webdriver session.</doc>
<status status="PASS" starttime="20220930 21:00:36.359" endtime="20220930 21:00:36.643"/>
</kw>
<status status="PASS" starttime="20220930 21:00:36.358" endtime="20220930 21:00:36.643"/>
</kw>
<status status="FAIL" starttime="20220930 21:00:23.101" endtime="20220930 21:00:36.644">No keyword with name 'Drag And Drop' found.</status>
</test>
<status status="FAIL" starttime="20220930 21:00:23.020" endtime="20220930 21:00:36.645"/>
</suite>
<statistics>
<total>
<stat pass="0" fail="1" skip="0">All Tests</stat>
</total>
<tag>
</tag>
<suite>
<stat pass="0" fail="1" skip="0" id="s1" name="Drag And-Drop">Drag And-Drop</stat>
</suite>
</statistics>
<errors>
<msg timestamp="20220930 21:00:23.099" level="ERROR">Error in file '/Users/manocaio/Documentos/Projeto_QA/twp/resources/base.robot' on line 3: Importing library '/Users/manocaio/Documentos/Projeto_QA/twp/resources/libs/extends.py' failed: SyntaxError: invalid syntax (extends.py, line 11)
Traceback (most recent call last):
  None
PYTHONPATH:
  /Users/manocaio/Documentos/Projeto_QA/twp/resources/libs
  /Library/Frameworks/Python.framework/Versions/3.10/bin
  /Library/Frameworks/Python.framework/Versions/3.10/lib/python310.zip
  /Library/Frameworks/Python.framework/Versions/3.10/lib/python3.10
  /Library/Frameworks/Python.framework/Versions/3.10/lib/python3.10/lib-dynload
  /Library/Frameworks/Python.framework/Versions/3.10/lib/python3.10/site-packages</msg>
</errors>
</robot>
